[    0.000000] Initializing cgroup subsys cpuset
[    0.000000] Initializing cgroup subsys cpu
[    0.000000] Initializing cgroup subsys cpuacct
[    0.000000] Linux version 4.4.0-184-generic (buildd@lgw01-amd64-060) (gcc version 5.4.0 20160609 (Ubuntu 5.4.0-6ubuntu1~16.04.12) ) #214-Ubuntu SMP Thu Jun 4 10:14:11 UTC 2020 (Ubuntu 4.4.0-184.214-generic 4.4.223)
[    0.000000] Command line: BOOT_IMAGE=/boot/vmlinuz-4.4.0-184-generic root=LABEL=cloudimg-rootfs ro console=tty1 console=ttyS0
[    0.000000] KERNEL supported cpus:
[    0.000000]   Intel GenuineIntel
[    0.000000]   AMD AuthenticAMD
[    0.000000]   Centaur CentaurHauls
[    0.000000] x86/fpu: xstate_offset[2]:  576, xstate_sizes[2]:  256
[    0.000000] x86/fpu: Supporting XSAVE feature 0x01: 'x87 floating point registers'
[    0.000000] x86/fpu: Supporting XSAVE feature 0x02: 'SSE registers'
[    0.000000] x86/fpu: Supporting XSAVE feature 0x04: 'AVX registers'
[    0.000000] x86/fpu: Enabled xstate features 0x7, context size is 832 bytes, using 'standard' format.
[    0.000000] e820: BIOS-provided physical RAM map:
[    0.000000] BIOS-e820: [mem 0x0000000000000000-0x000000000009fbff] usable
[    0.000000] BIOS-e820: [mem 0x000000000009fc00-0x000000000009ffff] reserved
[    0.000000] BIOS-e820: [mem 0x00000000000f0000-0x00000000000fffff] reserved
[    0.000000] BIOS-e820: [mem 0x0000000000100000-0x000000003ffeffff] usable
[    0.000000] BIOS-e820: [mem 0x000000003fff0000-0x000000003fffffff] ACPI data
[    0.000000] BIOS-e820: [mem 0x00000000fec00000-0x00000000fec00fff] reserved
[    0.000000] BIOS-e820: [mem 0x00000000fee00000-0x00000000fee00fff] reserved
[    0.000000] BIOS-e820: [mem 0x00000000fffc0000-0x00000000ffffffff] reserved
[    0.000000] NX (Execute Disable) protection: active
[    0.000000] SMBIOS 2.5 present.
[    0.000000] Hypervisor detected: KVM
[    0.000000] e820: last_pfn = 0x3fff0 max_arch_pfn = 0x400000000
[    0.000000] MTRR: Disabled
[    0.000000] x86/PAT: MTRRs disabled, skipping PAT initialization too.
[    0.000000] CPU MTRRs all blank - virtualized system.
[    0.000000] x86/PAT: Configuration [0-7]: WB  WT  UC- UC  WB  WT  UC- UC  
[    0.000000] found SMP MP-table at [mem 0x0009fff0-0x0009ffff] mapped at [ffff88000009fff0]
[    0.000000] Scanning 1 areas for low memory corruption
[    0.000000] RAMDISK: [mem 0x362de000-0x37166fff]
[    0.000000] ACPI: Early table checksum verification disabled
[    0.000000] ACPI: RSDP 0x00000000000E0000 000024 (v02 VBOX  )
[    0.000000] ACPI: XSDT 0x000000003FFF0030 00003C (v01 VBOX   VBOXXSDT 00000001 ASL  00000061)
[    0.000000] ACPI: FACP 0x000000003FFF00F0 0000F4 (v04 VBOX   VBOXFACP 00000001 ASL  00000061)
[    0.000000] ACPI: DSDT 0x000000003FFF0470 002325 (v02 VBOX   VBOXBIOS 00000002 INTL 20100528)
[    0.000000] ACPI: FACS 0x000000003FFF0200 000040
[    0.000000] ACPI: FACS 0x000000003FFF0200 000040
[    0.000000] ACPI: APIC 0x000000003FFF0240 000054 (v02 VBOX   VBOXAPIC 00000001 ASL  00000061)
[    0.000000] ACPI: SSDT 0x000000003FFF02A0 0001CC (v01 VBOX   VBOXCPUT 00000002 INTL 20100528)
[    0.000000] No NUMA configuration found
[    0.000000] Faking a node at [mem 0x0000000000000000-0x000000003ffeffff]
[    0.000000] NODE_DATA(0) allocated [mem 0x3ffeb000-0x3ffeffff]
[    0.000000] kvm-clock: Using msrs 4b564d01 and 4b564d00
[    0.000000] kvm-clock: cpu 0, msr 0:3ffe3001, primary cpu clock
[    0.000000] kvm-clock: using sched offset of 4021476808 cycles
[    0.000000] clocksource: kvm-clock: mask: 0xffffffffffffffff max_cycles: 0x1cd42e4dffb, max_idle_ns: 881590591483 ns
[    0.000000] Zone ranges:
[    0.000000]   DMA      [mem 0x0000000000001000-0x0000000000ffffff]
[    0.000000]   DMA32    [mem 0x0000000001000000-0x000000003ffeffff]
[    0.000000]   Normal   empty
[    0.000000]   Device   empty
[    0.000000] Movable zone start for each node
[    0.000000] Early memory node ranges
[    0.000000]   node   0: [mem 0x0000000000001000-0x000000000009efff]
[    0.000000]   node   0: [mem 0x0000000000100000-0x000000003ffeffff]
[    0.000000] Initmem setup node 0 [mem 0x0000000000001000-0x000000003ffeffff]
[    0.000000] ACPI: PM-Timer IO Port: 0x4008
[    0.000000] IOAPIC[0]: apic_id 1, version 32, address 0xfec00000, GSI 0-23
[    0.000000] ACPI: INT_SRC_OVR (bus 0 bus_irq 0 global_irq 2 dfl dfl)
[    0.000000] ACPI: INT_SRC_OVR (bus 0 bus_irq 9 global_irq 9 low level)
[    0.000000] Using ACPI (MADT) for SMP configuration information
[    0.000000] smpboot: Allowing 1 CPUs, 0 hotplug CPUs
[    0.000000] PM: Registered nosave memory: [mem 0x00000000-0x00000fff]
[    0.000000] PM: Registered nosave memory: [mem 0x0009f000-0x0009ffff]
[    0.000000] PM: Registered nosave memory: [mem 0x000a0000-0x000effff]
[    0.000000] PM: Registered nosave memory: [mem 0x000f0000-0x000fffff]
[    0.000000] e820: [mem 0x40000000-0xfebfffff] available for PCI devices
[    0.000000] Booting paravirtualized kernel on KVM
[    0.000000] clocksource: refined-jiffies: mask: 0xffffffff max_cycles: 0xffffffff, max_idle_ns: 7645519600211568 ns
[    0.000000] setup_percpu: NR_CPUS:512 nr_cpumask_bits:512 nr_cpu_ids:1 nr_node_ids:1
[    0.000000] PERCPU: Embedded 33 pages/cpu @ffff88003fc00000 s95448 r8192 d31528 u2097152
[    0.000000] Built 1 zonelists in Node order, mobility grouping on.  Total pages: 257912
[    0.000000] Policy zone: DMA32
[    0.000000] Kernel command line: BOOT_IMAGE=/boot/vmlinuz-4.4.0-184-generic root=LABEL=cloudimg-rootfs ro console=tty1 console=ttyS0
[    0.000000] PID hash table entries: 4096 (order: 3, 32768 bytes)
[    0.000000] Memory: 997796K/1048120K available (8632K kernel code, 1336K rwdata, 4036K rodata, 1492K init, 1292K bss, 50324K reserved, 0K cma-reserved)
[    0.000000] SLUB: HWalign=64, Order=0-3, MinObjects=0, CPUs=1, Nodes=1
[    0.000000] Kernel/User page tables isolation: enabled
[    0.000000] Hierarchical RCU implementation.
[    0.000000] 	Build-time adjustment of leaf fanout to 64.
[    0.000000] 	RCU restricting CPUs from NR_CPUS=512 to nr_cpu_ids=1.
[    0.000000] RCU: Adjusting geometry for rcu_fanout_leaf=64, nr_cpu_ids=1
[    0.000000] NR_IRQS:33024 nr_irqs:256 16
[    0.000000] Console: colour VGA+ 80x25
[    0.000000] console [tty1] enabled
[    0.000000] console [ttyS0] enabled
[    0.000000] tsc: Detected 2494.226 MHz processor
[    0.145213] Calibrating delay loop (skipped) preset value.. 4988.45 BogoMIPS (lpj=9976904)
[    0.147214] pid_max: default: 32768 minimum: 301
[    0.148175] ACPI: Core revision 20150930
[    0.149776] ACPI: 2 ACPI AML tables successfully acquired and loaded
[    0.151147] Security Framework initialized
[    0.152069] Yama: becoming mindful.
[    0.152956] AppArmor: AppArmor initialized
[    0.154032] Dentry cache hash table entries: 131072 (order: 8, 1048576 bytes)
[    0.157323] Inode-cache hash table entries: 65536 (order: 7, 524288 bytes)
[    0.158878] Mount-cache hash table entries: 2048 (order: 2, 16384 bytes)
[    0.160191] Mountpoint-cache hash table entries: 2048 (order: 2, 16384 bytes)
[    0.162067] Initializing cgroup subsys io
[    0.163061] Initializing cgroup subsys memory
[    0.164020] Initializing cgroup subsys devices
[    0.165009] Initializing cgroup subsys freezer
[    0.165964] Initializing cgroup subsys net_cls
[    0.166916] Initializing cgroup subsys perf_event
[    0.167924] Initializing cgroup subsys net_prio
[    0.168959] Initializing cgroup subsys hugetlb
[    0.169915] Initializing cgroup subsys pids
[    0.171768] mce: CPU supports 0 MCE banks
[    0.172696] process: using mwait in idle threads
[    0.173704] Last level iTLB entries: 4KB 1024, 2MB 1024, 4MB 1024
[    0.174921] Last level dTLB entries: 4KB 1024, 2MB 1024, 4MB 1024, 1GB 4
[    0.176234] Spectre V1 : Mitigation: usercopy/swapgs barriers and __user pointer sanitization
[    0.178028] Spectre V2 : Mitigation: Full generic retpoline
[    0.179291] Spectre V2 : Spectre v2 / SpectreRSB mitigation: Filling RSB on context switch
[    0.181065] Speculative Store Bypass: Vulnerable
[    0.182030] SRBDS: Unknown: Dependent on hypervisor status
[    0.183218] MDS: Mitigation: Clear CPU buffers
[    0.208212] Freeing SMP alternatives memory: 36K
[    0.214599] ftrace: allocating 32319 entries in 127 pages
[    0.267881] smpboot: APIC(0) Converting physical 0 to logical package 0
[    0.269496] smpboot: Max logical packages: 1
[    0.270661] x2apic enabled
[    0.271859] Switched APIC routing to physical x2apic.
[    0.274089] ..TIMER: vector=0x30 apic1=0 pin1=2 apic2=-1 pin2=-1
[    0.383499] smpboot: CPU0: Intel(R) Core(TM) i7-4870HQ CPU @ 2.50GHz (family: 0x6, model: 0x46, stepping: 0x1)
[    0.385685] Performance Events: unsupported p6 CPU model 70 no PMU driver, software events only.
[    0.397385] KVM setup paravirtual spinlock
[    0.398935] x86: Booted up 1 node, 1 CPUs
[    0.399855] smpboot: Total of 1 processors activated (4988.45 BogoMIPS)
[    0.401314] devtmpfs: initialized
[    0.403668] evm: security.selinux
[    0.404565] evm: security.SMACK64
[    0.405534] evm: security.SMACK64EXEC
[    0.406381] evm: security.SMACK64TRANSMUTE
[    0.407268] evm: security.SMACK64MMAP
[    0.408100] evm: security.ima
[    0.408817] evm: security.capability
[    0.409725] clocksource: jiffies: mask: 0xffffffff max_cycles: 0xffffffff, max_idle_ns: 7645041785100000 ns
[    0.411866] futex hash table entries: 256 (order: 2, 16384 bytes)
[    0.413197] pinctrl core: initialized pinctrl subsystem
[    0.414478] RTC time:  8:32:59, date: 10/28/20
[    0.415755] NET: Registered protocol family 16
[    0.416868] cpuidle: using governor ladder
[    0.417755] cpuidle: using governor menu
[    0.418606] PCCT header not found.
[    0.419448] ACPI: bus type PCI registered
[    0.420326] acpiphp: ACPI Hot Plug PCI Controller Driver version: 0.5
[    0.421743] PCI: Using configuration type 1 for base access
[    0.424140] ACPI: Added _OSI(Module Device)
[    0.425082] ACPI: Added _OSI(Processor Device)
[    0.426088] ACPI: Added _OSI(3.0 _SCP Extensions)
[    0.427101] ACPI: Added _OSI(Processor Aggregator Device)
[    0.428835] ACPI: Executed 1 blocks of module-level executable AML code
[    0.431898] ACPI: Interpreter enabled
[    0.432725] ACPI: (supports S0 S5)
[    0.433493] ACPI: Using IOAPIC for interrupt routing
[    0.434703] PCI: Using host bridge windows from ACPI; if necessary, use "pci=nocrs" and report a bug
[    0.440482] ACPI: PCI Root Bridge [PCI0] (domain 0000 [bus 00-ff])
[    0.441705] acpi PNP0A03:00: _OSC: OS supports [ASPM ClockPM Segments MSI]
[    0.443271] acpi PNP0A03:00: _OSC: not requesting OS control; OS requires [ExtendedConfig ASPM ClockPM MSI]
[    0.445332] acpi PNP0A03:00: fail to add MMCONFIG information, can't access extended PCI configuration space under this bridge.
[    0.447996] PCI host bridge to bus 0000:00
[    0.448893] pci_bus 0000:00: root bus resource [io  0x0000-0x0cf7 window]
[    0.450182] pci_bus 0000:00: root bus resource [io  0x0d00-0xffff window]
[    0.451539] pci_bus 0000:00: root bus resource [mem 0x000a0000-0x000bffff window]
[    0.453552] pci_bus 0000:00: root bus resource [mem 0x40000000-0xfdffffff window]
[    0.455704] pci_bus 0000:00: root bus resource [bus 00-ff]
[    0.459557] pci 0000:00:01.1: legacy IDE quirk: reg 0x10: [io  0x01f0-0x01f7]
[    0.461035] pci 0000:00:01.1: legacy IDE quirk: reg 0x14: [io  0x03f6]
[    0.462519] pci 0000:00:01.1: legacy IDE quirk: reg 0x18: [io  0x0170-0x0177]
[    0.464126] pci 0000:00:01.1: legacy IDE quirk: reg 0x1c: [io  0x0376]
[    0.487756] pci 0000:00:07.0: quirk: [io  0x4000-0x403f] claimed by PIIX4 ACPI
[    0.489744] pci 0000:00:07.0: quirk: [io  0x4100-0x410f] claimed by PIIX4 SMB
[    0.499392] ACPI: PCI Interrupt Link [LNKA] (IRQs 5 9 10 *11)
[    0.501063] ACPI: PCI Interrupt Link [LNKB] (IRQs 5 9 *10 11)
[    0.502786] ACPI: PCI Interrupt Link [LNKC] (IRQs 5 *9 10 11)
[    0.505090] ACPI: PCI Interrupt Link [LNKD] (IRQs 5 9 10 *11)
[    0.507269] ACPI: Enabled 2 GPEs in block 00 to 07
[    0.509336] vgaarb: setting as boot device: PCI:0000:00:02.0
[    0.510999] vgaarb: device added: PCI:0000:00:02.0,decodes=io+mem,owns=io+mem,locks=none
[    0.513421] vgaarb: loaded
[    0.514451] vgaarb: bridge control possible 0000:00:02.0
[    0.516194] SCSI subsystem initialized
[    0.517426] ACPI: bus type USB registered
[    0.518678] usbcore: registered new interface driver usbfs
[    0.520288] usbcore: registered new interface driver hub
[    0.521728] usbcore: registered new device driver usb
[    0.523783] PCI: Using ACPI for IRQ routing
[    0.525672] NetLabel: Initializing
[    0.526815] NetLabel:  domain hash size = 128
[    0.528402] NetLabel:  protocols = UNLABELED CIPSOv4
[    0.530601] NetLabel:  unlabeled traffic allowed by default
[    0.532305] amd_nb: Cannot enumerate AMD northbridges
[    0.533578] clocksource: Switched to clocksource kvm-clock
[    0.541174] AppArmor: AppArmor Filesystem Enabled
[    0.542350] pnp: PnP ACPI init
[    0.544291] pnp: PnP ACPI: found 3 devices
[    0.551999] clocksource: acpi_pm: mask: 0xffffff max_cycles: 0xffffff, max_idle_ns: 2085701024 ns
[    0.554090] NET: Registered protocol family 2
[    0.555350] TCP established hash table entries: 8192 (order: 4, 65536 bytes)
[    0.557177] TCP bind hash table entries: 8192 (order: 5, 131072 bytes)
[    0.558639] TCP: Hash tables configured (established 8192 bind 8192)
[    0.560025] UDP hash table entries: 512 (order: 2, 16384 bytes)
[    0.561606] UDP-Lite hash table entries: 512 (order: 2, 16384 bytes)
[    0.563376] NET: Registered protocol family 1
[    0.564431] pci 0000:00:00.0: Limiting direct PCI/PCI transfers
[    0.565687] pci 0000:00:01.0: Activating ISA DMA hang workarounds
[    0.567100] Unpacking initramfs...
[    0.759913] Freeing initrd memory: 14884K
[    0.760992] clocksource: tsc: mask: 0xffffffffffffffff max_cycles: 0x23f3eb3743e, max_idle_ns: 440795257847 ns
[    0.763164] platform rtc_cmos: registered platform RTC device (no PNP device found)
[    0.764869] Scanning for low memory corruption every 60 seconds
[    0.766335] audit: initializing netlink subsys (disabled)
[    0.767647] audit: type=2000 audit(1603873985.035:1): initialized
[    0.769488] Initialise system trusted keyring
[    0.771996] HugeTLB registered 2 MB page size, pre-allocated 0 pages
[    0.774600] zbud: loaded
[    0.775487] VFS: Disk quotas dquot_6.6.0
[    0.776512] VFS: Dquot-cache hash table entries: 512 (order 0, 4096 bytes)
[    0.778168] squashfs: version 4.0 (2009/01/31) Phillip Lougher
[    0.779627] fuse init (API version 7.23)
[    0.780610] Key type big_key registered
[    0.781468] Allocating IMA MOK and blacklist keyrings.
[    0.782867] Key type asymmetric registered
[    0.783855] Asymmetric key parser 'x509' registered
[    0.784901] Block layer SCSI generic (bsg) driver version 0.4 loaded (major 249)
[    0.786549] io scheduler noop registered
[    0.787552] io scheduler deadline registered (default)
[    0.788661] io scheduler cfq registered
[    0.789956] pci_hotplug: PCI Hot Plug PCI Core version: 0.5
[    0.791209] pciehp: PCI Express Hot Plug Controller Driver version: 0.4
[    0.793033] ACPI: AC Adapter [AC] (on-line)
[    0.794051] input: Power Button as /devices/LNXSYSTM:00/LNXPWRBN:00/input/input0
[    0.795574] ACPI: Power Button [PWRF]
[    0.796481] input: Sleep Button as /devices/LNXSYSTM:00/LNXSLPBN:00/input/input1
[    0.798000] ACPI: Sleep Button [SLPF]
[    0.799769] ACPI: Battery Slot [BAT0] (battery present)
[    0.800831] GHES: HEST is not enabled!
[    0.801701] Serial: 8250/16550 driver, 32 ports, IRQ sharing enabled
[    0.824511] 00:02: ttyS0 at I/O 0x3f8 (irq = 4, base_baud = 115200) is a 16550A
[    0.826994] Linux agpgart interface v0.103
[    0.828828] loop: module loaded
[    0.830101] scsi host0: ata_piix
[    0.830915] scsi host1: ata_piix
[    0.831684] ata1: PATA max UDMA/33 cmd 0x1f0 ctl 0x3f6 bmdma 0xd000 irq 14
[    0.833683] ata2: PATA max UDMA/33 cmd 0x170 ctl 0x376 bmdma 0xd008 irq 15
[    0.835340] libphy: Fixed MDIO Bus: probed
[    0.836228] tun: Universal TUN/TAP device driver, 1.6
[    0.837260] tun: (C) 1999-2004 Max Krasnyansky <maxk@qualcomm.com>
[    0.838838] PPP generic driver version 2.4.2
[    0.839801] ehci_hcd: USB 2.0 'Enhanced' Host Controller (EHCI) Driver
[    0.841100] ehci-pci: EHCI PCI platform driver
[    0.842105] ehci-platform: EHCI generic platform driver
[    0.843189] ohci_hcd: USB 1.1 'Open' Host Controller (OHCI) Driver
[    0.844425] ohci-pci: OHCI PCI platform driver
[    0.845373] ohci-platform: OHCI generic platform driver
[    0.846494] uhci_hcd: USB Universal Host Controller Interface driver
[    0.847817] i8042: PNP: PS/2 Controller [PNP0303:PS2K,PNP0f03:PS2M] at 0x60,0x64 irq 1,12
[    0.849920] serio: i8042 KBD port at 0x60,0x64 irq 1
[    0.850984] serio: i8042 AUX port at 0x60,0x64 irq 12
[    0.852304] mousedev: PS/2 mouse device common for all mice
[    0.854018] input: AT Translated Set 2 keyboard as /devices/platform/i8042/serio0/input/input2
[    0.856541] rtc_cmos rtc_cmos: rtc core: registered rtc_cmos as rtc0
[    0.857943] rtc_cmos rtc_cmos: alarms up to one day, 114 bytes nvram
[    0.859234] i2c /dev entries driver
[    0.860059] device-mapper: uevent: version 1.0.3
[    0.861106] device-mapper: ioctl: 4.34.0-ioctl (2015-10-28) initialised: dm-devel@redhat.com
[    0.862989] ledtrig-cpu: registered to indicate activity on CPUs
[    0.864429] NET: Registered protocol family 10
[    0.865569] NET: Registered protocol family 17
[    0.866582] Key type dns_resolver registered
[    0.867680] registered taskstats version 1
[    0.868592] Loading compiled-in X.509 certificates
[    0.870189] Loaded X.509 cert 'Build time autogenerated kernel key: b6ae09eed57f82583ccd3c65c463e852cdd7a0b5'
[    0.872324] zswap: loaded using pool lzo/zbud
[    0.874549] Key type trusted registered
[    0.877692] Key type encrypted registered
[    0.878639] AppArmor: AppArmor sha1 policy hashing enabled
[    0.879796] ima: No TPM chip found, activating TPM-bypass!
[    0.880931] ima: Allocated hash algorithm: sha1
[    0.881958] evm: HMAC attrs: 0x1
[    0.883026]   Magic number: 8:454:524
[    0.883920] rtc_cmos rtc_cmos: setting system clock to 2020-10-28 08:32:59 UTC (1603873979)
[    0.885745] BIOS EDD facility v0.16 2004-Jun-25, 0 devices found
[    0.886946] EDD information not available.
[    1.013983] Freeing unused kernel memory: 1492K
[    1.015172] Write protecting the kernel read-only data: 14336k
[    1.016684] Freeing unused kernel memory: 1596K
[    1.017842] Freeing unused kernel memory: 60K
Loading, please wait...
starting version 229
[    1.029452] random: udevadm: uninitialized urandom read (16 bytes read, 2 bits of entropy available)
[    1.031823] random: systemd-udevd: uninitialized urandom read (16 bytes read, 2 bits of entropy available)
[    1.033975] random: systemd-udevd: uninitialized urandom read (16 bytes read, 2 bits of entropy available)
[    1.036154] random: systemd-udevd: uninitialized urandom read (16 bytes read, 2 bits of entropy available)
[    1.038325] random: udevadm: uninitialized urandom read (16 bytes read, 2 bits of entropy available)
[    1.042017] random: systemd-udevd: uninitialized urandom read (16 bytes read, 2 bits of entropy available)
[    1.047515] random: systemd-udevd: uninitialized urandom read (16 bytes read, 2 bits of entropy available)
[    1.063834] random: udevadm: uninitialized urandom read (16 bytes read, 2 bits of entropy available)
[    1.067110] random: udevadm: uninitialized urandom read (16 bytes read, 2 bits of entropy available)
[    1.070573] random: systemd-udevd: uninitialized urandom read (16 bytes read, 2 bits of entropy available)
[    1.130201] e1000: Intel(R) PRO/1000 Network Driver - version 7.3.21-k8-NAPI
[    1.131792] e1000: Copyright (c) 1999-2006 Intel Corporation.
[    1.136870] Fusion MPT base driver 3.04.20
[    1.137850] Copyright (c) 1999-2008 LSI Corporation
[    1.148283] Fusion MPT SPI Host driver 3.04.20
[    1.167000] mptbase: ioc0: Initiating bringup
[    1.176266] AVX2 version of gcm_enc/dec engaged.
[    1.177421] AES CTR mode by8 optimization enabled
[    1.229893] ioc0: LSI53C1030 A0: Capabilities={Initiator}
[    1.348296] input: ImExPS/2 Generic Explorer Mouse as /devices/platform/i8042/serio1/input/input4
[    1.393028] scsi host2: ioc0: LSI53C1030 A0, FwRev=00000000h, Ports=1, MaxQ=256, IRQ=20
[    1.507614] scsi 2:0:0:0: Direct-Access     VBOX     HARDDISK         1.0  PQ: 0 ANSI: 5
[    1.509756] scsi target2:0:0: Beginning Domain Validation
[    1.512556] scsi target2:0:0: Domain Validation skipping write tests
[    1.514065] scsi target2:0:0: Ending Domain Validation
[    1.515218] scsi target2:0:0: asynchronous
[    1.516437] scsi 2:0:1:0: Direct-Access     VBOX     HARDDISK         1.0  PQ: 0 ANSI: 5
[    1.518202] scsi target2:0:1: Beginning Domain Validation
[    1.520091] scsi target2:0:1: Domain Validation skipping write tests
[    1.521377] scsi target2:0:1: Ending Domain Validation
[    1.522959] scsi target2:0:1: asynchronous
[    1.527802] sd 2:0:0:0: Attached scsi generic sg0 type 0
[    1.529048] sd 2:0:0:0: [sda] 20971520 512-byte logical blocks: (10.7 GB/10.0 GiB)
[    1.543065] sd 2:0:1:0: Attached scsi generic sg1 type 0
[    1.544214] sd 2:0:1:0: [sdb] 20480 512-byte logical blocks: (10.5 MB/10.0 MiB)
[    1.546095] sd 2:0:1:0: [sdb] Write Protect is off
[    1.547273] sd 2:0:1:0: [sdb] Incomplete mode parameter data
[    1.548447] sd 2:0:1:0: [sdb] Assuming drive cache: write through
[    1.565372] sd 2:0:0:0: [sda] Write Protect is off
[    1.566691] sd 2:0:0:0: [sda] Incomplete mode parameter data
[    1.567892] sd 2:0:0:0: [sda] Assuming drive cache: write through
[    1.569454] sd 2:0:1:0: [sdb] Attached SCSI disk
[    1.599373]  sda: sda1
[    1.600529] sd 2:0:0:0: [sda] Attached SCSI disk
[    1.927200] e1000 0000:00:03.0 eth0: (PCI:33MHz:32-bit) 02:da:92:60:70:7f
[    1.928581] e1000 0000:00:03.0 eth0: Intel(R) PRO/1000 Network Connection
[    2.306607] e1000 0000:00:08.0 eth1: (PCI:33MHz:32-bit) 08:00:27:02:e3:02
[    2.308069] e1000 0000:00:08.0 eth1: Intel(R) PRO/1000 Network Connection
[    2.310365] e1000 0000:00:08.0 enp0s8: renamed from eth1
[    2.313009] e1000 0000:00:03.0 enp0s3: renamed from eth0
Begin: Loading essential drivers ... [    3.569714] md: linear personality registered for level -1
[    3.573732] md: multipath personality registered for level -4
[    3.577471] md: raid0 personality registered for level 0
[    3.582183] md: raid1 personality registered for level 1
[    3.654257] raid6: sse2x1   gen() 10758 MB/s
[    3.722123] raid6: sse2x1   xor()  8408 MB/s
[    3.789745] raid6: sse2x2   gen() 13353 MB/s
[    3.857987] raid6: sse2x2   xor()  8119 MB/s
[    3.931081] raid6: sse2x4   gen() 16559 MB/s
[    4.003635] raid6: sse2x4   xor() 12084 MB/s
[    4.071582] raid6: avx2x1   gen() 21137 MB/s
[    4.138204] raid6: avx2x2   gen() 24191 MB/s
[    4.213203] raid6: avx2x4   gen() 28707 MB/s
[    4.214171] raid6: using algorithm avx2x4 gen() 28707 MB/s
[    4.215344] raid6: using avx2x2 recovery algorithm
[    4.218308] xor: automatically using best checksumming function:
[    4.266019]    avx       : 60912.000 MB/sec
[    4.268865] async_tx: api initialized (async)
[    4.282038] md: raid6 personality registered for level 6
[    4.283318] md: raid5 personality registered for level 5
[    4.284407] md: raid4 personality registered for level 4
[    4.291535] md: raid10 personality registered for level 10
done.
Begin: Running /scripts/init-premount ... done.
Begin: Mounting root file system ... Begin: Running /scripts/local-top ... done.
Begin: Running /scripts/local-premount ... [    4.324127] Btrfs loaded
Scanning for Btrfs filesystems
done.
Warning: fsck not present, so skipping root file system
[    4.353506] EXT4-fs (sda1): mounted filesystem with ordered data mode. Opts: (null)
done.
Begin: Running /scripts/local-bottom ... done.
Begin: Running /scripts/init-bottom ... done.
[    4.450275] systemd[1]: systemd 229 running in system mode. (+PAM +AUDIT +SELINUX +IMA +APPARMOR +SMACK +SYSVINIT +UTMP +LIBCRYPTSETUP +GCRYPT +GNUTLS +ACL +XZ -LZ4 +SECCOMP +BLKID +ELFUTILS +KMOD -IDN)
[    4.454148] systemd[1]: Detected virtualization oracle.
[    4.455473] systemd[1]: Detected architecture x86-64.

Welcome to [1mUbuntu 16.04.6 LTS[0m!

[    4.466109] systemd[1]: Set hostname to <ubuntu>.
[    4.470420] systemd[1]: Initializing machine ID from random generator.
[    4.471832] systemd[1]: Installed transient /etc/machine-id file.
[    4.600644] systemd[1]: Listening on LVM2 metadata daemon socket.
[[0;32m  OK  [0m] Listening on LVM2 metadata daemon socket.
[    4.603451] systemd[1]: Listening on LVM2 poll daemon socket.
[[0;32m  OK  [0m] Listening on LVM2 poll daemon socket.
[    4.605838] systemd[1]: Reached target User and Group Name Lookups.
[[0;32m  OK  [0m] Reached target User and Group Name Lookups.
[    4.608415] systemd[1]: Listening on /dev/initctl Compatibility Named Pipe.
[[0;32m  OK  [0m] Listening on /dev/initctl Compatibility Named Pipe.
[    4.611158] systemd[1]: Reached target Swap.
[[0;32m  OK  [0m] Reached target Swap.
[    4.613522] systemd[1]: Created slice User and Session Slice.
[[0;32m  OK  [0m] Created slice User and Session Slice.
[    4.615998] systemd[1]: Listening on Device-mapper event daemon FIFOs.
[[0;32m  OK  [0m] Listening on Device-mapper event daemon FIFOs.
[    4.618629] systemd[1]: Started Forward Password Requests to Wall Directory Watch.
[[0;32m  OK  [0m] Started Forward Password Requests to Wall Directory Watch.
[    4.621761] systemd[1]: Listening on Journal Audit Socket.
[[0;32m  OK  [0m] Listening on Journal Audit Socket.
[    4.624449] systemd[1]: Reached target System Time Synchronized.
[[0;32m  OK  [0m] Reached target System Time Synchronized.
[    4.626920] systemd[1]: Set up automount Arbitrary Executable File Formats File System Automount Point.
[[0;32m  OK  [0m] Set up automount Arbitrary Executab...ats File System Automount Point.
[    4.630453] systemd[1]: Listening on udev Control Socket.
[[0;32m  OK  [0m] Listening on udev Control Socket.
[    4.638895] systemd[1]: Created slice System Slice.
[[0;32m  OK  [0m] Created slice System Slice.
[    4.641332] systemd[1]: Reached target Slices.
[[0;32m  OK  [0m] Reached target Slices.
[    4.643545] systemd[1]: Created slice system-serial\x2dgetty.slice.
[[0;32m  OK  [0m] Created slice system-serial\x2dgetty.slice.
[    4.645929] systemd[1]: Listening on Syslog Socket.
[[0;32m  OK  [0m] Listening on Syslog Socket.
[    4.648146] systemd[1]: Listening on Journal Socket.
[[0;32m  OK  [0m] Listening on Journal Socket.
[    4.658711] systemd[1]: Starting Create list of required static device nodes for the current kernel...
         Starting Create list of required st... nodes for the current kernel...
[    4.665472] systemd[1]: Starting Nameserver information manager...
         Starting Nameserver information manager...
[    4.671051] systemd[1]: Starting Uncomplicated firewall...
         Starting Uncomplicated firewall...
[    4.675711] systemd[1]: Starting Remount Root and Kernel File Systems...
         Starting Remount Root and Kernel File Systems...
[    4.681392] systemd[1]: Mounting POSIX Message Queue File System...
[    4.684118] EXT4-fs (sda1): re-mounted. Opts: (null)
         Mounting POSIX Message Queue File System...
[    4.689078] systemd[1]: Mounting Debug File System...
         Mounting Debug File System...
[    4.699288] systemd[1]: Starting Set console keymap...
         Starting Set console keymap...
[    4.703311] systemd[1]: Starting Monitoring of LVM2 mirrors, snapshots etc. using dmeventd or progress polling...
         Starting Monitoring of LVM2 mirrors... dmeventd or progress polling...
[    4.717756] systemd[1]: Mounting Huge Pages File System...
         Mounting Huge Pages File System...
[    4.722055] systemd[1]: Started Trigger resolvconf update for networkd DNS.
[[0;32m  OK  [0m] Started Trigger resolvconf update for networkd DNS.
[    4.730689] systemd[1]: Reached target Encrypted Volumes.
[[0;32m  OK  [0m] Reached target Encrypted Volumes.
[    4.737672] systemd[1]: Listening on udev Kernel Socket.
[[0;32m  OK  [0m] Listening on udev Kernel Socket.
[    4.750302] systemd[1]: Starting Load Kernel Modules...
         Starting Load Kernel Modules...
[    4.753494] systemd[1]: Listening on Journal Socket (/dev/log).
[[0;32m  OK  [0m] Listening on Journal Socket (/dev/log).
[    4.759745] systemd[1]: Starting Journal Service...
         Starting Journal Service...[    4.763754] Loading iSCSI transport class v2.0-870.

[    4.767138] systemd[1]: Mounted Debug File System.
[[0;32m  OK  [0m] Mounted Debug File System.
[    4.773825] systemd[1]: Mounted POSIX Message Queue File System.
[[0;32m  OK  [0m] Mounted POSIX Message Queue File System.
[    4.776436] systemd[1]: Mounted Huge Pages File System.
[[0;32m  OK  [0m] Mounted Huge Pages File System.
[    4.783190] systemd[1]: Started Create list of required static device nodes for the current kernel.
[    4.785850] iscsi: registered transport (tcp)
[[0;32m  OK  [0m] Started Create list of required sta...ce nodes for the current kernel.
[    4.794578] systemd[1]: Started Uncomplicated firewall.
[[0;32m  OK  [0m] Started Uncomplicated firewall.
[    4.798096] systemd[1]: Started Remount Root and Kernel File Systems.
[[0;32m  OK  [0m] Started Remount Root and Kernel File Systems.
[    4.806772] systemd[1]: Started Set console keymap.
[[0;32m  OK  [0m] Started Set console keymap.
[    4.814759] systemd[1]: Started Nameserver information manager.
[[0;32m  OK  [0m] Started Nameserver information manager.
[    4.821176] systemd[1]: Started Journal Service.
[[0;32m  OK  [0m] Started Journal Service.
[[0;32m  OK  [0m] Started LVM2 metadata daemon.
         Starting Flush Journal to Persistent Storage...
         Starting udev Coldplug all Devices...
         Starting Load/Save Random Seed...
         Starting Create Static Device Nodes in /dev...
[    4.863387] systemd-journald[393]: Received request to flush runtime journal from PID 1
[[0;32m  OK  [0m] Started Load/Save Random Seed.
[[0;32m  OK  [0m] Started Flush Journal to Persistent Storage.
[[0;32m  OK  [0m] Started Create Static Device Nodes in /dev.
         Starting udev Kernel Device Manager...
[    4.902697] iscsi: registered transport (iser)
[[0;32m  OK  [0m] Started Load Kernel Modules.
         Mounting FUSE Control File System...
         Starting Apply Kernel Variables...
[[0;32m  OK  [0m] Mounted FUSE Control File System.
[[0;32m  OK  [0m] Started Apply Kernel Variables.
[[0;32m  OK  [0m] Started udev Kernel Device Manager.
[[0;32m  OK  [0m] Started udev Coldplug all Devices.
[[0;32m  OK  [0m] Started Dispatch Password Requests to Console Directory Watch.
[[0;32m  OK  [0m] Found device /dev/ttyS0.
[[0;32m  OK  [0m] Listening on Load/Save RF Kill Switch Status /dev/rfkill Watch.
[[0;32m  OK  [0m] Started Monitoring of LVM2 mirrors,...ng dmeventd or progress polling.
[[0;32m  OK  [0m] Reached target Local File Systems (Pre).
[[0;32m  OK  [0m] Reached target Local File Systems.
         Starting Commit a transient machine-id on disk...
         Starting Tell Plymouth To Write Out Runtime Data...
         Starting Initial cloud-init job (pre-networking)...
         Starting Create Volatile Files and Directories...
         Starting LSB: AppArmor initialization...
         Starting Set console font and keymap...
[[0;32m  OK  [0m] Started Commit a transient machine-id on disk.
[[0;32m  OK  [0m] Started Tell Plymouth To Write Out Runtime Data.
[[0;32m  OK  [0m] Started Create Volatile Files and Directories.
         Starting Update UTMP about System Boot/Shutdown...
[[0;32m  OK  [0m] Started Update UTMP about System Boot/Shutdown.
[    6.659966] cloud-init[532]: Cloud-init v. 19.4-33-gbb4131a2-0ubuntu1~16.04.1 running 'init-local' at Wed, 28 Oct 2020 08:33:04 +0000. Up 6.10 seconds.
[[0;32m  OK  [0m] Started Initial cloud-init job (pre-networking).
[[0;32m  OK  [0m] Reached target Network (Pre).
[[0;32m  OK  [0m] Started LSB: AppArmor initialization.
         Starting Raise network interfaces...
[[0;32m  OK  [0m] Started Set console font and keymap.
[[0;32m  OK  [0m] Created slice system-getty.slice.
[[0;32m  OK  [0m] Started Raise network interfaces.
         Starting Initial cloud-init job (metadata service crawler)...
[[0;32m  OK  [0m] Reached target Network.
[    7.937577] cloud-init[957]: Cloud-init v. 19.4-33-gbb4131a2-0ubuntu1~16.04.1 running 'init' at Wed, 28 Oct 2020 08:33:06 +0000. Up 7.46 seconds.
[    7.940233] cloud-init[957]: ci-info: ++++++++++++++++++++++++++++++++++++++Net device info+++++++++++++++++++++++++++++++++++++++
[    7.949822] cloud-init[957]: ci-info: +--------+-------+----------------------------+---------------+--------+-------------------+
[    7.952010] cloud-init[957]: ci-info: | Device |   Up  |          Address           |      Mask     | Scope  |     Hw-Address    |
[    7.956259] cloud-init[957]: ci-info: +--------+-------+----------------------------+---------------+--------+-------------------+
[    7.960368] cloud-init[957]: ci-info: | enp0s3 |  True |         10.0.2.15          | 255.255.255.0 | global | 02:da:92:60:70:7f |
[    7.968708] cloud-init[957]: ci-info: | enp0s3 |  True | fe80::da:92ff:fe60:707f/64 |       .       |  link  | 02:da:92:60:70:7f |
[    7.970320] cloud-init[957]: ci-info: | enp0s8 | False |             .              |       .       |   .    | 08:00:27:02:e3:02 |
[    7.972347] cloud-init[957]: ci-info: |   lo   |  True |         127.0.0.1          |   255.0.0.0   |  host  |         .         |
[    7.974394] cloud-init[957]: ci-info: |   lo   |  True |          ::1/128           |       .       |  host  |         .         |
[    7.981173] cloud-init[957]: ci-info: +--------+-------+----------------------------+---------------+--------+-------------------+
[    7.984243] cloud-init[957]: ci-info: +++++++++++++++++++++++++++Route IPv4 info++++++++++++++++++++++++++++
[    7.988285] cloud-init[957]: ci-info: +-------+-------------+----------+---------------+-----------+-------+
[    7.992256] cloud-init[957]: ci-info: | Route | Destination | Gateway  |    Genmask    | Interface | Flags |
[    7.996368] cloud-init[957]: ci-info: +-------+-------------+----------+---------------+-----------+-------+
[    8.000310] cloud-init[957]: ci-info: |   0   |   0.0.0.0   | 10.0.2.2 |    0.0.0.0    |   enp0s3  |   UG  |
[    8.004270] cloud-init[957]: ci-info: |   1   |   10.0.2.0  | 0.0.0.0  | 255.255.255.0 |   enp0s3  |   U   |
[    8.008884] cloud-init[957]: ci-info: +-------+-------------+----------+---------------+-----------+-------+
[    8.012258] cloud-init[957]: ci-info: +++++++++++++++++++Route IPv6 info+++++++++++++++++++
[    8.016257] cloud-init[957]: ci-info: +-------+-------------+---------+-----------+-------+
[    8.017322] cloud-init[957]: ci-info: | Route | Destination | Gateway | Interface | Flags |
[[0;32m  OK  [0m] Started Initial cloud-init job (metadata service crawler).
[[0;32m  OK  [0m] Reached target Network is Online.
         Starting iSCSI initiator daemon (iscsid)...[    8.024234] cloud-init[957]: ci-info: +-------+-------------+---------+-----------+-------+
[    8.025770] cloud-init[957]: ci-info: |   0   |  fe80::/64  |    ::   |   enp0s3  |   U   |
[    8.027361] cloud-init[957]: 
[[0;32m  OK  [0m] Reached target Cloud-config availability.
[[0;32m  OK  [0m] Reached target System Initialization.
ci-info: |   3   |   ff00::/8  |    ::   |   enp0s3  |   U   |[[0;32m  OK  [0m] Started ACPI Events Check.
[[0;32m  OK  [0m] Reached target Paths.
[    8.036970] 
[[0;32m  OK  [0m] Listening on D-Bus System Message Bus Socket.
[[0;32m  OK  [0m] cloud-initStarted Message of the Day.
[[0;32m  OK  [0m] Listening on ACPID Listen Socket.[957]: ci-info: +-------+-------------+---------+-----------+-------+

[[0;32m  OK  [0m] Listening on UUID daemon activation socket.[    8.048722] cloud-init[957]: Generating public/private rsa key pair.
[[0;32m  OK  [0m] Started Daily apt download activities.
[[0;32m  OK  [0m] Started Daily apt upgrade and clean activities.
[    8.053147] cloud-init[957]: Your identification has been saved in /etc/ssh/ssh_host_rsa_key.
[    8.054613] cloud-init[957]: Your public key has been saved in /etc/ssh/ssh_host_rsa_key.pub.
         Starting LXD - unix socket.
         Starting Socket activation for snappy daemon.
[[0;32m  OK  [0m] Started Daily Cleanup of Temporary Directories.
[[0;32m  OK  [0m
[    8.060883] cloud-init[957]: The key fingerprint is:
[    8.061801] cloud-init[957]: SHA256:SjDoWcTA4Gj55f2cMVIC3RaiXm6FNFNDwZ4wRcCVkPY root@ubuntu-xenial
[    8.063137] cloud-init[957]: The key's randomart image is:
[    8.064036] ] Reached target Timers.
[[0;32m  OK  [0m] Listening on LXD - unix socket.
[[0;32m  OK  [0m] Listening on Socket activation for snappy daemon.cloud-init[957]: +---[RSA 2048]----+
[    8.069080] cloud-init[957]: |.o.o..oB%X+      |
[    8.070084] cloud-init[957]: |o oo. +B==.      |
[    8.070921] cloud-init[957]: |.+. +o.+*o.      |
[    8.071753] cloud-init
[[0;32m  OK  [0m] Reached target Sockets.
[[0;32m  OK  [0m] Reached target Basic System.[957]: |...o+o+ +E       |
[    8.077848] 
[[0;32m  OK  [0m] Started Deferred execution scheduler.cloud-init[957]: |  o. o.=So       |

         Starting LSB: Record successful boot for GRUB...
         Starting Virtualbox guest utils...
[    8.099166] cloud-init[957]: [[0;32m  OK  [0m] Started Regular background program processing daemon.
         Starting Login Service...
|     ...+ +      |
         Starting LSB: MD monitoring daemon...
         Starting Pollinate to seed the pseudo random number generator...
[[0;32m  OK  [0m] Started D-Bus System Message Bus.
[    8.135811] cloud-init[957]: |      .  +       |
[    8.141226] cloud-init[957]: |                 |
[    8.144796] cloud-init[957]: |                 |
[    8.147380] cloud-init[957]: +----[SHA256]-----+         Starting Accounts Service...
         Starting System Logging Service...
[[0;32m  OK  [0m] Started ACPI event daemon.

         Starting Snappy daemon...
         Starting /etc/rc.local Compatibility...
[[0;32m  OK  [0m] Started FUSE filesystem for LXC.
[    8.166966]          Starting LXD - container startup/shutdown...
[[0;32m  OK  [0m] Started iSCSI initiator daemon (iscsid).
[[0;32m  OK  [0m] Started /etc/rc.local Compatibility.
cloud-init         Starting Login to default iSCSI targets...
[[0;32m  OK  [0m] Started Login Service.
[[0;32m  OK  [0m] Started Unattended Upgrades Shutdown.
[[0;32m  OK  [0m] Started System Logging Service.
[[0;32m  OK  [0m] Started LSB: Record successful boot for GRUB.
[957]: Generating public/private dsa key pair.
[[0;32m  OK  [0m] Started Login to default iSCSI targets.
[[0;32m  OK  [0m] Reached target Remote File Systems (Pre).
[[0;32m  OK  [0m] Reached target Remote File Systems.
         Starting Permit User Sessions...
         Starting LSB: automatic crash report generation...
         Starting LSB: daemon to balance interrupts for SMP systems...
         Starting LSB: Set the CPU Frequency Scaling governor to "ondemand"...
[[0;32m  OK  [0m] Started Permit User Sessions.
         Starting Terminate Plymouth Boot Screen...
         Starting Hold until boot process finishes up...
[[0;32m  OK  [0m] Started Hold until boot process finishes up.
         Starting Set console scheme...
[[0;32m  OK  [0m] Started Serial Getty on ttyS0.
[[0;32m  OK  [0m] Started Getty on tty1.
[[0;32m  OK  [0m] Reached target Login Prompts.
[    8.313374] cloud-init[957]: Your identification has been saved in /etc/ssh/ssh_host_dsa_key.
[[0;32m  OK  [0m] Started Terminate Plymouth Boot Screen.
[[0;32m  OK  [0m] Started LSB: MD monitoring daemon.
[[0;32m  OK  [0m] Started Set console scheme.
[    8.338907] cloud-init[957]: Your public key has been saved in /etc/ssh/ssh_host_dsa_key.pub.[[0;32m  OK  [0m] Started LSB: Set the CPU Frequency Scaling governor to "ondemand".
         Starting Authenticate and Authorize Users to Run Privileged Tasks...

[    8.372546] cloud-init[957]: The key fingerprint is:
[[0;32m  OK  [0m] Started LSB: automatic crash report generation.
[    8.391780] cloud-init[957]: [[0;32m  OK  [0m] Started Authenticate and Authorize Users to Run Privileged Tasks.
SHA256:Oqgn5G24yRUCYe1+S4zkCpI3Vvg14zuFMVJToXA8WGs root@ubuntu-xenial[[0;32m  OK  [0m] Started Accounts Service.

[    8.414884] cloud-init[957]: The key's randomart image is:
[    8.424425] cloud-init[957]: [[0;32m  OK  [0m] Started LSB: daemon to balance interrupts for SMP systems.
+---[DSA 1024]----+
[    8.438988] cloud-init[957]: |... .+o.o.       |
[    8.446821] cloud-init[957]: |.. ..o=o         |
[    8.455242] cloud-init[957]: [[0;32m  OK  [0m] Started LXD - container startup/shutdown.
|. .. .Eo         |
[    8.464977] cloud-init[957]: | ..oo.*          |
[    8.466435] cloud-init[957]: | .=o++ *S        |
[    8.476666] cloud-init[957]: |+ ==.*o..        |
[    8.485586] cloud-init[957]: |o=.+= +o         |
[    8.489141] cloud-init[957]: | o+++.o.         |
[    8.494405] cloud-init[957]: |  ==   .         |
[    8.501642] cloud-init[957]: +----[SHA256]-----+
[    8.508480] cloud-init[957]: Generating public/private ecdsa key pair.
[    8.515705] cloud-init[957]: Your identification has been saved in /etc/ssh/ssh_host_ecdsa_key.
[    8.523445] cloud-init[957]: Your public key has been saved in /etc/ssh/ssh_host_ecdsa_key.pub.
[    8.530722] cloud-init[957]: The key fingerprint is:
[[0;32m  OK  [0m] Started Virtualbox guest utils.
[    8.551209] cloud-init[957]: SHA256:Q85Q8JROnmioOU8hhsP1N67b64YRq9r+wkIGrv9DLCA root@ubuntu-xenial
[    8.559581] cloud-init[957]: The key's randomart image is:
[    8.567797] cloud-init[957]: +---[ECDSA 256]---+
[    8.570516] cloud-init[957]: |      ..o.       |
[    8.574514] cloud-init[957]: |   .   +o        |
[    8.582667] cloud-init[957]: |... ...=o.       |
[    8.584293] cloud-init[957]: |E.o oooB+        |
[    8.589402] cloud-init[957]: |++ = o= S        |
[    8.593726] cloud-init[957]: | += +o . .       |
[    8.594990] cloud-init[957]: |+ .*. +          |
[    8.603806] cloud-init[957]: |...+oo..         |
[    8.612501] cloud-init[957]: | o=+++++.        |
[    8.614078] cloud-init[957]: +----[SHA256]-----+
[    8.617586] cloud-init[957]: Generating public/private ed25519 key pair.
[    8.621827] cloud-init[957]: Your identification has been saved in /etc/ssh/ssh_host_ed25519_key.
[    8.623682] cloud-init[957]: Your public key has been saved in /etc/ssh/ssh_host_ed25519_key.pub.
[    8.629822] cloud-init[957]: The key fingerprint is:
[    8.640306] cloud-init[957]: SHA256:1gCr0BgarBLr7HPRyn6tAziG9Ld7XN8KAV+b/jqtdz8 root@ubuntu-xenial
[    8.642430] cloud-init[957]: The key's randomart image is:
[    8.644316] cloud-init[957]: +--[ED25519 256]--+
[    8.649265] cloud-init[957]: |o .   .          |
[    8.654095] cloud-init[957]: |.+ +   o         |
[    8.657180] cloud-init[957]: |ooo . ...  .     |
[    8.661394] cloud-init[957]: |+. . .  oo. o    |
[[0;32m  OK  [0m] Started Snappy daemon.
         Starting Wait until snapd is fully seeded...
[    8.666639] cloud-init[957]: |* o o   So.o     |
[    8.681824] cloud-init[957]: |.* + o . .o      |
[    8.685048] cloud-init[957]: |o o = + ....o    |
[    8.688956] cloud-init[957]: | o + + +  .o.+ E |
[    8.690518] cloud-init[957]: |  +..o=    +*.. +|
[    8.695121] cloud-init[957]: +----[SHA256]-----+
[[0;32m  OK  [0m] Started Pollinate to seed the pseudo random number generator.
         Starting OpenBSD Secure Shell server...
[[0;32m  OK  [0m] Started OpenBSD Secure Shell server.
[[0;32m  OK  [0m] Created slice User Slice of vagrant.
         Starting User Manager for UID 1000...
[[0;32m  OK  [0m] Started Session 1 of user vagrant.
[[0;32m  OK  [0m] Started User Manager for UID 1000.
[   14.304177] cloud-init[1579]: Generating locales (this might take a while)...

Ubuntu 16.04.6 LTS ubuntu-xenial ttyS0

ubuntu-xenial login: [   15.146493] cloud-init[1579]:   en_US.UTF-8... done
[   15.148217] cloud-init[1579]: Generation complete.
[   15.399183] cloud-init[1579]: Cloud-init v. 19.4-33-gbb4131a2-0ubuntu1~16.04.1 running 'modules:config' at Wed, 28 Oct 2020 08:33:12 +0000. Up 14.19 seconds.
ci-info: no authorized SSH keys fingerprints found for user ubuntu.
<14>Oct 28 08:33:14 ec2: 
<14>Oct 28 08:33:14 ec2: #############################################################
<14>Oct 28 08:33:14 ec2: -----BEGIN SSH HOST KEY FINGERPRINTS-----
<14>Oct 28 08:33:14 ec2: 1024 SHA256:Oqgn5G24yRUCYe1+S4zkCpI3Vvg14zuFMVJToXA8WGs root@ubuntu-xenial (DSA)
<14>Oct 28 08:33:14 ec2: 256 SHA256:Q85Q8JROnmioOU8hhsP1N67b64YRq9r+wkIGrv9DLCA root@ubuntu-xenial (ECDSA)
<14>Oct 28 08:33:14 ec2: 256 SHA256:1gCr0BgarBLr7HPRyn6tAziG9Ld7XN8KAV+b/jqtdz8 root@ubuntu-xenial (ED25519)
<14>Oct 28 08:33:14 ec2: 2048 SHA256:SjDoWcTA4Gj55f2cMVIC3RaiXm6FNFNDwZ4wRcCVkPY root@ubuntu-xenial (RSA)
<14>Oct 28 08:33:14 ec2: -----END SSH HOST KEY FINGERPRINTS-----
<14>Oct 28 08:33:14 ec2: #############################################################
-----BEGIN SSH HOST KEY KEYS-----
ecdsa-sha2-nistp256 AAAAE2VjZHNhLXNoYTItbmlzdHAyNTYAAAAIbmlzdHAyNTYAAABBBOrh8tcSmSzt8QYt64CQuS79FzpqMmTVcULT07wvT9wwZmtCuAnsakfJBRlKVNrJgOqD8TyLw9B55+bSUIDz/5A= root@ubuntu-xenial
ssh-ed25519 AAAAC3NzaC1lZDI1NTE5AAAAIJtTQTSTj9qQzFgBKV0oHCrJB9B/atTjdyn0rkgX1Osg root@ubuntu-xenial
ssh-rsa AAAAB3NzaC1yc2EAAAADAQABAAABAQDI91hI6CHFc5gGjIhDruAMGbNIteMtgxUARvYQK3kSB2kMKgnh0XFWQGMzxiknUtsr2LjpyNzv1OpBydllSsJPhYwVx1T90XCFscNo10EFRcR4zaMHeJ3p+hzxJ/he9dyQ+kUKwtuAoWrm+VF/OOBFfXez2LuUUMIROMx0TW3ntbYR3md4VsCkTPK2z/JK48vKHJY9zQuCvEdV+fyki5Nf0pxXYZ3U3l5ngIi/imONKiAmeao7CI71ouTg9NzYi9+5TVWTtykOZbEi5IE8cP8d0nze3GeXlPkoTjcMnm8koKvAzQEjhlfcQXezqZdG4PzYVb+8eq6GDQIdeO7VzwpB root@ubuntu-xenial
-----END SSH HOST KEY KEYS-----
[   15.776485] cloud-init[1797]: Cloud-init v. 19.4-33-gbb4131a2-0ubuntu1~16.04.1 running 'modules:final' at Wed, 28 Oct 2020 08:33:14 +0000. Up 15.65 seconds.
[   15.778510] cloud-init[1797]: ci-info: no authorized SSH keys fingerprints found for user ubuntu.
[   15.779853] cloud-init[1797]: Cloud-init v. 19.4-33-gbb4131a2-0ubuntu1~16.04.1 finished at Wed, 28 Oct 2020 08:33:14 +0000. Datasource DataSourceNoCloud [seed=/dev/sdb][dsmode=net].  Up 15.77 seconds
